0 info it worked if it ends with ok
1 verbose cli [ '/Users/abhisekpaul/.nvm/versions/node/v4.5.0/bin/node',
1 verbose cli   '/Users/abhisekpaul/.nvm/versions/node/v4.5.0/bin/npm',
1 verbose cli   'run',
1 verbose cli   'watch' ]
2 info using npm@3.10.7
3 info using node@v4.5.0
4 verbose run-script [ 'prewatch', 'watch', 'postwatch' ]
5 info lifecycle react-schema@0.0.0~prewatch: react-schema@0.0.0
6 silly lifecycle react-schema@0.0.0~prewatch: no script for prewatch, continuing
7 info lifecycle react-schema@0.0.0~watch: react-schema@0.0.0
8 verbose lifecycle react-schema@0.0.0~watch: unsafe-perm in lifecycle true
9 verbose lifecycle react-schema@0.0.0~watch: PATH: /Users/abhisekpaul/.nvm/versions/node/v4.5.0/lib/node_modules/npm/bin/node-gyp-bin:/Users/abhisekpaul/work/react-schema/node_modules/.bin:/Users/abhisekpaul/.nvm/versions/node/v4.5.0/bin:/Users/abhisekpaul/Downloads/google-cloud-sdk/bin:/usr/local/bin:/usr/bin:/bin:/usr/sbin:/sbin:/usr/local/git/bin
10 verbose lifecycle react-schema@0.0.0~watch: CWD: /Users/abhisekpaul/work/react-schema
11 silly lifecycle react-schema@0.0.0~watch: Args: [ '-c', 'gulp watch-examples' ]
12 silly lifecycle react-schema@0.0.0~watch: Returned: code: 1  signal: null
13 info lifecycle react-schema@0.0.0~watch: Failed to exec watch script
14 verbose stack Error: react-schema@0.0.0 watch: `gulp watch-examples`
14 verbose stack Exit status 1
14 verbose stack     at EventEmitter.<anonymous> (/Users/abhisekpaul/.nvm/versions/node/v4.5.0/lib/node_modules/npm/lib/utils/lifecycle.js:255:16)
14 verbose stack     at emitTwo (events.js:87:13)
14 verbose stack     at EventEmitter.emit (events.js:172:7)
14 verbose stack     at ChildProcess.<anonymous> (/Users/abhisekpaul/.nvm/versions/node/v4.5.0/lib/node_modules/npm/lib/utils/spawn.js:40:14)
14 verbose stack     at emitTwo (events.js:87:13)
14 verbose stack     at ChildProcess.emit (events.js:172:7)
14 verbose stack     at maybeClose (internal/child_process.js:829:16)
14 verbose stack     at Process.ChildProcess._handle.onexit (internal/child_process.js:211:5)
15 verbose pkgid react-schema@0.0.0
16 verbose cwd /Users/abhisekpaul/work/react-schema
17 error Darwin 14.1.1
18 error argv "/Users/abhisekpaul/.nvm/versions/node/v4.5.0/bin/node" "/Users/abhisekpaul/.nvm/versions/node/v4.5.0/bin/npm" "run" "watch"
19 error node v4.5.0
20 error npm  v3.10.7
21 error code ELIFECYCLE
22 error react-schema@0.0.0 watch: `gulp watch-examples`
22 error Exit status 1
23 error Failed at the react-schema@0.0.0 watch script 'gulp watch-examples'.
23 error Make sure you have the latest version of node.js and npm installed.
23 error If you do, this is most likely a problem with the react-schema package,
23 error not with npm itself.
23 error Tell the author that this fails on your system:
23 error     gulp watch-examples
23 error You can get information on how to open an issue for this project with:
23 error     npm bugs react-schema
23 error Or if that isn't available, you can get their info via:
23 error     npm owner ls react-schema
23 error There is likely additional logging output above.
24 verbose exit [ 1, true ]
